2019-Dec-27 16:39:57 PM [main] ERROR by.kononov.parsing.validator.GemErrorHandler - 5 : 36 - cvc-enumeration-valid: Value 'test' is not facet-valid with respect to enumeration '[unknow, Congo, Kenia, Russia, Canada, USA, Belgium, China, Australia, Uganda, Belarus, Ukraine, Poland, France, Germany, Norway, Japan, Monaco]'. It must be a value from the enumeration.
2019-Dec-27 16:39:57 PM [main] ERROR by.kononov.parsing.validator.XmlValidator - validation src/main/resources/data/gemsNotValid.xml is not valid because cvc-enumeration-valid: Value 'test' is not facet-valid with respect to enumeration '[unknow, Congo, Kenia, Russia, Canada, USA, Belgium, China, Australia, Uganda, Belarus, Ukraine, Poland, France, Germany, Norway, Japan, Monaco]'. It must be a value from the enumeration.
2019-Dec-27 16:39:57 PM [main] ERROR by.kononov.parsing.builder.GemDomBuilder - can't parse xml file test
java.io.FileNotFoundException: D:\Java_work_space3\parsing\test (The system cannot find the file specified)
	at java.io.FileInputStream.open0(Native Method) ~[?:1.8.0_201]
	at java.io.FileInputStream.open(Unknown Source) ~[?:1.8.0_201]
	at java.io.FileInputStream.<init>(Unknown Source) ~[?:1.8.0_201]
	at java.io.FileInputStream.<init>(Unknown Source) ~[?:1.8.0_201]
	at sun.net.www.protocol.file.FileURLConnection.connect(Unknown Source) ~[?:1.8.0_201]
	at sun.net.www.protocol.file.FileURLConnection.getInputStream(Unknown Source) ~[?:1.8.0_201]
	at org.apache.xerces.impl.XMLEntityManager.setupCurrentEntity(Unknown Source) ~[xercesImpl-2.8.0.jar:?]
	at org.apache.xerces.impl.XMLVersionDetector.determineDocVersion(Unknown Source) ~[xercesImpl-2.8.0.jar:?]
	at org.apache.xerces.parsers.XML11Configuration.parse(Unknown Source) ~[xercesImpl-2.8.0.jar:?]
	at org.apache.xerces.parsers.XML11Configuration.parse(Unknown Source) ~[xercesImpl-2.8.0.jar:?]
	at org.apache.xerces.parsers.XMLParser.parse(Unknown Source) ~[xercesImpl-2.8.0.jar:?]
	at org.apache.xerces.parsers.DOMParser.parse(Unknown Source) ~[xercesImpl-2.8.0.jar:?]
	at by.kononov.parsing.builder.GemDomBuilder.buildGems(GemDomBuilder.java:27) ~[classes/:?]
	at by.kononov.parsing.factory.BuilderFactory.createGemsBuilder(BuilderFactory.java:14) ~[classes/:?]
	at by.kononov.parsing.service.ParsingCommandLogic.receiveGemList(ParsingCommandLogic.java:18) ~[classes/:?]
	at by.kononov.parsing.command.impl.ParsingCommand.execute(ParsingCommand.java:30) ~[classes/:?]
	at test.kononov.parsing.command.ParsingCommandTest.executeTest(ParsingCommandTest.java:43) ~[test-classes/:?]
	at sun.reflect.NativeMethodAccessorImpl.invoke0(Native Method) ~[?:1.8.0_201]
	at sun.reflect.NativeMethodAccessorImpl.invoke(Unknown Source) ~[?:1.8.0_201]
	at sun.reflect.DelegatingMethodAccessorImpl.invoke(Unknown Source) ~[?:1.8.0_201]
	at java.lang.reflect.Method.invoke(Unknown Source) ~[?:1.8.0_201]
	at org.testng.internal.MethodInvocationHelper.invokeMethod(MethodInvocationHelper.java:133) ~[testng-7.0.0.jar:?]
	at org.testng.internal.TestInvoker.invokeMethod(TestInvoker.java:584) ~[testng-7.0.0.jar:?]
	at org.testng.internal.TestInvoker.invokeTestMethod(TestInvoker.java:172) ~[testng-7.0.0.jar:?]
	at org.testng.internal.MethodRunner.runInSequence(MethodRunner.java:46) ~[testng-7.0.0.jar:?]
	at org.testng.internal.TestInvoker$MethodInvocationAgent.invoke(TestInvoker.java:804) ~[testng-7.0.0.jar:?]
	at org.testng.internal.TestInvoker.invokeTestMethods(TestInvoker.java:145) ~[testng-7.0.0.jar:?]
	at org.testng.internal.TestMethodWorker.invokeTestMethods(TestMethodWorker.java:146) ~[testng-7.0.0.jar:?]
	at org.testng.internal.TestMethodWorker.run(TestMethodWorker.java:128) ~[testng-7.0.0.jar:?]
	at java.util.ArrayList.forEach(Unknown Source) [?:1.8.0_201]
	at org.testng.TestRunner.privateRun(TestRunner.java:770) [testng-7.0.0.jar:?]
	at org.testng.TestRunner.run(TestRunner.java:591) [testng-7.0.0.jar:?]
	at org.testng.SuiteRunner.runTest(SuiteRunner.java:402) [testng-7.0.0.jar:?]
	at org.testng.SuiteRunner.runSequentially(SuiteRunner.java:396) [testng-7.0.0.jar:?]
	at org.testng.SuiteRunner.privateRun(SuiteRunner.java:355) [testng-7.0.0.jar:?]
	at org.testng.SuiteRunner.run(SuiteRunner.java:304) [testng-7.0.0.jar:?]
	at org.testng.SuiteRunnerWorker.runSuite(SuiteRunnerWorker.java:53) [testng-7.0.0.jar:?]
	at org.testng.SuiteRunnerWorker.run(SuiteRunnerWorker.java:96) [testng-7.0.0.jar:?]
	at org.testng.TestNG.runSuitesSequentially(TestNG.java:1180) [testng-7.0.0.jar:?]
	at org.testng.TestNG.runSuitesLocally(TestNG.java:1102) [testng-7.0.0.jar:?]
	at org.testng.TestNG.runSuites(TestNG.java:1032) [testng-7.0.0.jar:?]
	at org.testng.TestNG.run(TestNG.java:1000) [testng-7.0.0.jar:?]
	at org.testng.remote.AbstractRemoteTestNG.run(AbstractRemoteTestNG.java:115) [testng-remote.jar:?]
	at org.testng.remote.RemoteTestNG.initAndRun(RemoteTestNG.java:251) [testng-remote.jar:?]
	at org.testng.remote.RemoteTestNG.main(RemoteTestNG.java:77) [testng-remote.jar:?]
2019-Dec-27 16:39:57 PM [main] WARN  by.kononov.parsing.manager.ConfigurationManager - can't find properties file properties/config.properties
2019-Dec-27 16:39:57 PM [main] WARN  by.kononov.parsing.manager.ConfigurationManager - can't find properties file properties/config.properties
2019-Dec-27 16:39:57 PM [main] ERROR by.kononov.parsing.validator.GemErrorHandler - 2 : 2 - test
